0 info it worked if it ends with ok
1 verbose cli [ '/usr/local/bin/node', '/usr/local/bin/npm', 'start' ]
2 info using npm@3.3.12
3 info using node@v5.5.0
4 verbose run-script [ 'prestart', 'start', 'poststart' ]
5 info lifecycle src@1.0.0~prestart: src@1.0.0
6 silly lifecycle src@1.0.0~prestart: no script for prestart, continuing
7 info lifecycle src@1.0.0~start: src@1.0.0
8 verbose lifecycle src@1.0.0~start: unsafe-perm in lifecycle true
9 verbose lifecycle src@1.0.0~start: PATH: /usr/local/lib/node_modules/npm/bin/node-gyp-bin:/stbb_home/jenkinsjc/Desktop/netcom-repo/netcom-online/src/Server/node_modules/.bin:/usr/local/sbin:/usr/local/bin:/usr/sbin:/usr/bin:/sbin:/bin
10 verbose lifecycle src@1.0.0~start: CWD: /stbb_home/jenkinsjc/Desktop/netcom-repo/netcom-online/src/Server
11 silly lifecycle src@1.0.0~start: Args: [ '-c', 'sudo node node_tcp_server.js' ]
12 silly lifecycle src@1.0.0~start: Returned: code: 1  signal: null
13 info lifecycle src@1.0.0~start: Failed to exec start script
14 verbose stack Error: src@1.0.0 start: `sudo node node_tcp_server.js`
14 verbose stack Exit status 1
14 verbose stack     at EventEmitter.<anonymous> (/usr/local/lib/node_modules/npm/lib/utils/lifecycle.js:232:16)
14 verbose stack     at emitTwo (events.js:100:13)
14 verbose stack     at EventEmitter.emit (events.js:185:7)
14 verbose stack     at ChildProcess.<anonymous> (/usr/local/lib/node_modules/npm/lib/utils/spawn.js:24:14)
14 verbose stack     at emitTwo (events.js:100:13)
14 verbose stack     at ChildProcess.emit (events.js:185:7)
14 verbose stack     at maybeClose (internal/child_process.js:821:16)
14 verbose stack     at Process.ChildProcess._handle.onexit (internal/child_process.js:211:5)
15 verbose pkgid src@1.0.0
16 verbose cwd /stbb_home/jenkinsjc/Desktop/netcom-repo/netcom-online/src/Server/Utils
17 error Linux 4.2.0-27-generic
18 error argv "/usr/local/bin/node" "/usr/local/bin/npm" "start"
19 error node v5.5.0
20 error npm  v3.3.12
21 error code ELIFECYCLE
22 error src@1.0.0 start: `sudo node node_tcp_server.js`
22 error Exit status 1
23 error Failed at the src@1.0.0 start script 'sudo node node_tcp_server.js'.
23 error Make sure you have the latest version of node.js and npm installed.
23 error If you do, this is most likely a problem with the src package,
23 error not with npm itself.
23 error Tell the author that this fails on your system:
23 error     sudo node node_tcp_server.js
23 error You can get their info via:
23 error     npm owner ls src
23 error There is likely additional logging output above.
24 verbose exit [ 1, true ]
